::1 [2025-05-15T05:48:10.181Z] GET /api-docs/ 200 3130 - 4.133 ms user=guest
::1 [2025-05-15T05:48:10.207Z] GET /api-docs/swagger-ui.css 304 - - 2.002 ms user=guest
::1 [2025-05-15T05:48:10.208Z] GET /api-docs/swagger-ui-bundle.js 304 - - 2.082 ms user=guest
::1 [2025-05-15T05:48:10.211Z] GET /api-docs/swagger-ui-init.js 200 44400 - 0.475 ms user=guest
::1 [2025-05-15T05:48:10.214Z] GET /api-docs/swagger-ui-standalone-preset.js 304 - - 1.362 ms user=guest
::1 [2025-05-15T05:48:10.418Z] GET /favicon.ico 404 150 - 2.015 ms user=guest
::1 [2025-05-15T05:55:44.860Z] GET /api-docs/ 200 5248 - 6.836 ms user=guest
::1 [2025-05-15T05:55:44.883Z] GET /api-docs/swagger-ui-bundle.js 304 - - 2.362 ms user=guest
::1 [2025-05-15T05:55:44.884Z] GET /api-docs/swagger-ui.css 304 - - 1.673 ms user=guest
::1 [2025-05-15T05:55:44.887Z] GET /api-docs/swagger-ui-init.js 304 - - 0.675 ms user=guest
::1 [2025-05-15T05:55:44.888Z] GET /api-docs/swagger-ui-standalone-preset.js 304 - - 2.112 ms user=guest
::1 [2025-05-15T05:55:45.151Z] GET /favicon.ico 404 150 - 3.160 ms user=guest
::1 [2025-05-16T17:42:04.638Z] GET /api-docs/swagger-ui-init.js 200 44400 - 3.168 ms user=guest
::1 [2025-05-16T17:42:04.649Z] GET /api-docs/swagger-ui-standalone-preset.js 200 229223 - 13.481 ms user=guest
::1 [2025-05-16T17:42:04.669Z] GET /api-docs/swagger-ui-bundle.js 200 1468326 - 18.974 ms user=guest
::1 [2025-05-16T17:42:04.680Z] GET /api-docs/swagger-ui-standalone-preset.js 200 229223 - 1.484 ms user=guest
::1 [2025-05-16T17:42:04.704Z] GET /api-docs/swagger-ui-bundle.js 200 1468326 - 6.340 ms user=guest
::1 [2025-05-17T01:43:35.426Z] GET /favicon.ico 404 150 - 13.942 ms user=guest
::1 [2025-05-17T15:30:44.111Z] GET /api-docs/swagger-ui-init.js 304 - - 16.808 ms user=guest
::1 [2025-05-17T15:30:44.118Z] GET /api-docs/swagger-ui-standalone-preset.js 304 - - 2.681 ms user=guest
::1 [2025-05-17T15:30:44.150Z] GET /api-docs/swagger-ui-bundle.js 200 1468326 - 48.148 ms user=guest
::1 [2025-05-17T15:30:50.223Z] GET /api-docs/ 304 - - 8.200 ms user=guest
::1 [2025-05-17T15:30:50.253Z] GET /api-docs/swagger-ui.css 304 - - 2.219 ms user=guest
::1 [2025-05-17T15:30:50.254Z] GET /api-docs/swagger-ui-bundle.js 304 - - 1.526 ms user=guest
::1 [2025-05-17T15:30:50.255Z] GET /api-docs/swagger-ui-standalone-preset.js 304 - - 0.759 ms user=guest
::1 [2025-05-17T15:30:50.264Z] GET /api-docs/swagger-ui-init.js 304 - - 6.778 ms user=guest
::1 [2025-05-17T15:30:50.267Z] GET /api-docs/swagger-ui-standalone-preset.js 304 - - 0.196 ms user=guest
::1 [2025-05-17T15:30:50.342Z] GET /favicon.ico 404 150 - 2.153 ms user=guest
::1 [2025-05-18T00:18:24.137Z] GET /api-docs/swagger-ui-init.js 304 - - 9.420 ms user=guest
::1 [2025-05-18T00:18:24.160Z] GET /api-docs/swagger-ui-bundle.js 304 - - 8.909 ms user=guest
::1 [2025-05-18T00:18:24.163Z] GET /api-docs/swagger-ui-standalone-preset.js 304 - - 21.113 ms user=guest
::1 [2025-05-21T02:26:00.420Z] GET / 404 139 - 8.872 ms user=guest
